build/app/intermediates/manifest_merge_blame_file/release/manifest-merger-blame-release-report.txt
1<?xml version="1.0" encoding="utf-8"?>
2<manifest xmlns:android="http://schemas.android.com/apk/res/android"
3    package="com.biton.spider3dflux"
4    android:versionCode="3021"
5    android:versionName="2.2.0" >
6
7    <uses-sdk
8        android:minSdkVersion="20"
8-->src/main/AndroidManifest.xml
9        android:targetSdkVersion="30" />
9-->src/main/AndroidManifest.xml
10
11    <uses-permission android:name="android.permission.INTERNET" />
11-->src/main/AndroidManifest.xml:4:5-66
11-->src/main/AndroidManifest.xml:4:22-64
12    <uses-permission android:name="android.permission.ACCESS_FINE_LOCATION" />
12-->src/main/AndroidManifest.xml:5:5-79
12-->src/main/AndroidManifest.xml:5:22-76
13    <uses-permission android:name="android.permission.ACCESS_COARSE_LOCATION" />
13-->src/main/AndroidManifest.xml:6:5-81
13-->src/main/AndroidManifest.xml:6:22-78
14    <uses-permission android:name="android.permission.ACCESS_NETWORK_STATE" />
14-->src/main/AndroidManifest.xml:7:5-79
14-->src/main/AndroidManifest.xml:7:22-76
15    <uses-permission android:name="android.permission.QUERY_ALL_PACKAGES" />
15-->src/main/AndroidManifest.xml:8:5-76
15-->src/main/AndroidManifest.xml:8:22-74
16    <uses-permission android:name="android.permission.WAKE_LOCK" />
16-->[:firebase_messaging] AndroidManifest.xml:8:5-68
16-->[:firebase_messaging] AndroidManifest.xml:8:22-65
17    <uses-permission android:name="android.permission.READ_EXTERNAL_STORAGE" />
17-->[:image_picker] AndroidManifest.xml:7:5-80
17-->[:image_picker] AndroidManifest.xml:7:22-77
18    <uses-permission android:name="android.permission.WRITE_EXTERNAL_STORAGE" />
18-->[:image_picker] AndroidManifest.xml:8:5-81
18-->[:image_picker] AndroidManifest.xml:8:22-78
19
20    <queries>
20-->[:file_picker] AndroidManifest.xml:9:5-15:15
21        <intent>
21-->[:file_picker] AndroidManifest.xml:10:9-14:18
22            <action android:name="android.intent.action.GET_CONTENT" />
22-->[:file_picker] AndroidManifest.xml:11:13-72
22-->[:file_picker] AndroidManifest.xml:11:21-69
23
24            <data android:mimeType="*/*" />
24-->src/main/AndroidManifest.xml:59:17-61:52
25        </intent>
26
27        <package android:name="com.facebook.katana" /> <!-- For browser content -->
27-->[com.facebook.android:audience-network-sdk:6.5.1] AndroidManifest.xml:12:9-55
27-->[com.facebook.android:audience-network-sdk:6.5.1] AndroidManifest.xml:12:18-52
28        <intent>
28-->[com.google.android.gms:play-services-ads-lite:20.1.0] AndroidManifest.xml:30:9-36:18
29            <action android:name="android.intent.action.VIEW" />
29-->src/main/AndroidManifest.xml:54:17-69
29-->src/main/AndroidManifest.xml:54:25-66
30
31            <category android:name="android.intent.category.BROWSABLE" />
31-->src/main/AndroidManifest.xml:57:17-78
31-->src/main/AndroidManifest.xml:57:27-75
32
33            <data android:scheme="https" />
33-->src/main/AndroidManifest.xml:59:17-61:52
33-->src/main/AndroidManifest.xml:60:21-43
34        </intent> <!-- End of browser content -->
35        <!-- For CustomTabsService -->
36        <intent>
36-->[com.google.android.gms:play-services-ads-lite:20.1.0] AndroidManifest.xml:39:9-41:18
37            <action android:name="android.support.customtabs.action.CustomTabsService" />
37-->[com.google.android.gms:play-services-ads-lite:20.1.0] AndroidManifest.xml:40:13-90
37-->[com.google.android.gms:play-services-ads-lite:20.1.0] AndroidManifest.xml:40:21-87
38        </intent>
39    </queries> <!-- Create a unique permission for your app and use it so only your app can receive your OneSignal messages. -->
40    <permission
40-->[com.onesignal:OneSignal:4.3.3] AndroidManifest.xml:7:5-9:47
41        android:name="com.biton.spider3dflux.permission.C2D_MESSAGE"
41-->[com.onesignal:OneSignal:4.3.3] AndroidManifest.xml:8:9-63
42        android:protectionLevel="signature" />
42-->[com.onesignal:OneSignal:4.3.3] AndroidManifest.xml:9:9-44
43
44    <uses-permission android:name="com.biton.spider3dflux.permission.C2D_MESSAGE" /> <!-- c2dm RECEIVE are basic requirements for push messages through Google's FCM -->
44-->[com.onesignal:OneSignal:4.3.3] AndroidManifest.xml:11:5-79
44-->[com.onesignal:OneSignal:4.3.3] AndroidManifest.xml:11:22-76
45    <uses-permission android:name="com.google.android.c2dm.permission.RECEIVE" />
45-->[com.onesignal:OneSignal:4.3.3] AndroidManifest.xml:17:5-82
45-->[com.onesignal:OneSignal:4.3.3] AndroidManifest.xml:17:22-79
46    <!--
47 Required so the device vibrates on receiving a push notification.
48         Vibration settings of the device still apply.
49    -->
50    <uses-permission android:name="android.permission.VIBRATE" />
50-->[com.onesignal:OneSignal:4.3.3] AndroidManifest.xml:23:5-66
50-->[com.onesignal:OneSignal:4.3.3] AndroidManifest.xml:23:22-63
51    <!--
52 Use to restore notifications the user hasn't interacted with.
53         They could be missed notifications if the user reboots their device if this isn't in place.
54    -->
55    <uses-permission android:name="android.permission.RECEIVE_BOOT_COMPLETED" /> <!-- START: ShortcutBadger -->
55-->[com.onesignal:OneSignal:4.3.3] AndroidManifest.xml:29:5-81
55-->[com.onesignal:OneSignal:4.3.3] AndroidManifest.xml:29:22-78
56    <!-- Samsung -->
57    <uses-permission android:name="com.sec.android.provider.badge.permission.READ" />
57-->[com.onesignal:OneSignal:4.3.3] AndroidManifest.xml:31:5-86
57-->[com.onesignal:OneSignal:4.3.3] AndroidManifest.xml:31:22-83
58    <uses-permission android:name="com.sec.android.provider.badge.permission.WRITE" /> <!-- HTC -->
58-->[com.onesignal:OneSignal:4.3.3] AndroidManifest.xml:32:5-87
58-->[com.onesignal:OneSignal:4.3.3] AndroidManifest.xml:32:22-84
59    <uses-permission android:name="com.htc.launcher.permission.READ_SETTINGS" />
59-->[com.onesignal:OneSignal:4.3.3] AndroidManifest.xml:33:5-81
59-->[com.onesignal:OneSignal:4.3.3] AndroidManifest.xml:33:22-78
60    <uses-permission android:name="com.htc.launcher.permission.UPDATE_SHORTCUT" /> <!-- Sony -->
60-->[com.onesignal:OneSignal:4.3.3] AndroidManifest.xml:34:5-83
60-->[com.onesignal:OneSignal:4.3.3] AndroidManifest.xml:34:22-80
61    <uses-permission android:name="com.sonyericsson.home.permission.BROADCAST_BADGE" />
61-->[com.onesignal:OneSignal:4.3.3] AndroidManifest.xml:35:5-88
61-->[com.onesignal:OneSignal:4.3.3] AndroidManifest.xml:35:22-85
62    <uses-permission android:name="com.sonymobile.home.permission.PROVIDER_INSERT_BADGE" /> <!-- Apex -->
62-->[com.onesignal:OneSignal:4.3.3] AndroidManifest.xml:36:5-92
62-->[com.onesignal:OneSignal:4.3.3] AndroidManifest.xml:36:22-89
63    <uses-permission android:name="com.anddoes.launcher.permission.UPDATE_COUNT" /> <!-- Solid -->
63-->[com.onesignal:OneSignal:4.3.3] AndroidManifest.xml:37:5-84
63-->[com.onesignal:OneSignal:4.3.3] AndroidManifest.xml:37:22-81
64    <uses-permission android:name="com.majeur.launcher.permission.UPDATE_BADGE" /> <!-- Huawei -->
64-->[com.onesignal:OneSignal:4.3.3] AndroidManifest.xml:38:5-83
64-->[com.onesignal:OneSignal:4.3.3] AndroidManifest.xml:38:22-80
65    <uses-permission android:name="com.huawei.android.launcher.permission.CHANGE_BADGE" />
65-->[com.onesignal:OneSignal:4.3.3] AndroidManifest.xml:39:5-91
65-->[com.onesignal:OneSignal:4.3.3] AndroidManifest.xml:39:22-88
66    <uses-permission android:name="com.huawei.android.launcher.permission.READ_SETTINGS" />
66-->[com.onesignal:OneSignal:4.3.3] AndroidManifest.xml:40:5-92
66-->[com.onesignal:OneSignal:4.3.3] AndroidManifest.xml:40:22-89
67    <uses-permission android:name="com.huawei.android.launcher.permission.WRITE_SETTINGS" /> <!-- ZUK -->
67-->[com.onesignal:OneSignal:4.3.3] AndroidManifest.xml:41:5-93
67-->[com.onesignal:OneSignal:4.3.3] AndroidManifest.xml:41:22-90
68    <uses-permission android:name="android.permission.READ_APP_BADGE" /> <!-- OPPO -->
68-->[com.onesignal:OneSignal:4.3.3] AndroidManifest.xml:42:5-73
68-->[com.onesignal:OneSignal:4.3.3] AndroidManifest.xml:42:22-70
69    <uses-permission android:name="com.oppo.launcher.permission.READ_SETTINGS" />
69-->[com.onesignal:OneSignal:4.3.3] AndroidManifest.xml:43:5-82
69-->[com.onesignal:OneSignal:4.3.3] AndroidManifest.xml:43:22-79
70    <uses-permission android:name="com.oppo.launcher.permission.WRITE_SETTINGS" /> <!-- EvMe -->
70-->[com.onesignal:OneSignal:4.3.3] AndroidManifest.xml:44:5-83
70-->[com.onesignal:OneSignal:4.3.3] AndroidManifest.xml:44:22-80
71    <uses-permission android:name="me.everything.badger.permission.BADGE_COUNT_READ" />
71-->[com.onesignal:OneSignal:4.3.3] AndroidManifest.xml:45:5-88
71-->[com.onesignal:OneSignal:4.3.3] AndroidManifest.xml:45:22-85
72    <uses-permission android:name="me.everything.badger.permission.BADGE_COUNT_WRITE" />
72-->[com.onesignal:OneSignal:4.3.3] AndroidManifest.xml:46:5-89
72-->[com.onesignal:OneSignal:4.3.3] AndroidManifest.xml:46:22-86
73
74    <uses-feature
74-->[com.google.android.gms:play-services-maps:17.0.0] AndroidManifest.xml:26:5-28:35
75        android:glEsVersion="0x00020000"
75-->[com.google.android.gms:play-services-maps:17.0.0] AndroidManifest.xml:27:9-41
76        android:required="true" />
76-->[com.google.android.gms:play-services-maps:17.0.0] AndroidManifest.xml:28:9-32
77
78    <uses-permission android:name="com.google.android.finsky.permission.BIND_GET_INSTALL_REFERRER_SERVICE" /> <!-- Permission will be merged into the manifest of the hosting app. -->
78-->[com.google.android.gms:play-services-measurement:19.0.0] AndroidManifest.xml:26:5-110
78-->[com.google.android.gms:play-services-measurement:19.0.0] AndroidManifest.xml:26:22-107
79    <!-- Is required to launch foreground extraction service for targetSdkVersion 28+. -->
80    <uses-permission android:name="android.permission.FOREGROUND_SERVICE" />
80-->[com.google.android.play:core:1.8.0] AndroidManifest.xml:8:3-74
80-->[com.google.android.play:core:1.8.0] AndroidManifest.xml:8:20-72
81
82    <application
82-->src/main/AndroidManifest.xml:10:5-124:19
83        android:name="io.flutter.app.FlutterApplication"
83-->src/main/AndroidManifest.xml:11:9-57
84        android:appComponentFactory="androidx.core.app.CoreComponentFactory"
84-->[androidx.core:core:1.3.2] AndroidManifest.xml:24:18-86
85        android:hardwareAccelerated="true"
85-->[:facebook_audience_network] AndroidManifest.xml:7:18-52
86        android:icon="@mipmap/launcher_icon"
86-->src/main/AndroidManifest.xml:14:9-45
87        android:label="Fluxstore"
87-->src/main/AndroidManifest.xml:13:9-34
88        android:supportsRtl="true"
88-->[com.facebook.android:facebook-login:9.1.0] AndroidManifest.xml:28:18-44
89        android:usesCleartextTraffic="true" >
89-->src/main/AndroidManifest.xml:12:9-44
90        <activity
90-->src/main/AndroidManifest.xml:16:9-75:20
91            android:name="com.biton.spider3dflux.MainActivity"
91-->src/main/AndroidManifest.xml:17:13-41
92            android:configChanges="orientation|keyboardHidden|keyboard|screenSize|smallestScreenSize|locale|layoutDirection|fontScale|screenLayout|density|uiMode"
92-->src/main/AndroidManifest.xml:20:13-163
93            android:hardwareAccelerated="true"
93-->src/main/AndroidManifest.xml:21:13-47
94            android:launchMode="singleTop"
94-->src/main/AndroidManifest.xml:18:13-43
95            android:theme="@style/LaunchTheme"
95-->src/main/AndroidManifest.xml:19:13-47
96            android:windowSoftInputMode="adjustResize" >
96-->src/main/AndroidManifest.xml:22:13-55
97
98            <!--
99                 Specifies an Android theme to apply to this Activity as soon as
100                 the Android process has started. This theme is visible to the user
101                 while the Flutter UI initializes. After that, this theme continues
102                 to determine the Window background behind the Flutter UI.
103            -->
104            <meta-data
104-->src/main/AndroidManifest.xml:28:13-31:17
105                android:name="io.flutter.embedding.android.NormalTheme"
105-->src/main/AndroidManifest.xml:29:15-70
106                android:resource="@style/NormalTheme" />
106-->src/main/AndroidManifest.xml:30:15-52
107            <!--
108                 Displays an Android View that continues showing the launch screen
109                 Drawable until Flutter paints its first frame, then this splash
110                 screen fades out. A splash screen is useful to avoid any visual
111                 gap between the end of Android's launch screen and the painting of
112                 Flutter's first frame.
113            -->
114            <meta-data
114-->src/main/AndroidManifest.xml:37:13-40:17
115                android:name="io.flutter.embedding.android.SplashScreenDrawable"
115-->src/main/AndroidManifest.xml:38:15-79
116                android:resource="@drawable/launch_background" />
116-->src/main/AndroidManifest.xml:39:15-61
117
118            <intent-filter>
118-->src/main/AndroidManifest.xml:41:13-44:29
119                <action android:name="android.intent.action.MAIN" />
119-->src/main/AndroidManifest.xml:42:17-68
119-->src/main/AndroidManifest.xml:42:25-66
120
121                <category android:name="android.intent.category.LAUNCHER" />
121-->src/main/AndroidManifest.xml:43:17-76
121-->src/main/AndroidManifest.xml:43:27-74
122            </intent-filter>
123            <intent-filter>
123-->src/main/AndroidManifest.xml:45:13-48:29
124                <action android:name="FLUTTER_NOTIFICATION_CLICK" />
124-->src/main/AndroidManifest.xml:46:17-69
124-->src/main/AndroidManifest.xml:46:25-66
125
126                <category android:name="android.intent.category.DEFAULT" />
126-->src/main/AndroidManifest.xml:47:17-76
126-->src/main/AndroidManifest.xml:47:27-73
127            </intent-filter>
128
129            <meta-data
129-->src/main/AndroidManifest.xml:50:13-52:57
130                android:name="default-url"
130-->src/main/AndroidManifest.xml:51:17-43
131                android:value="https://inspireui.com" />
131-->src/main/AndroidManifest.xml:52:17-54
132
133            <intent-filter android:autoVerify="true" >
133-->src/main/AndroidManifest.xml:53:13-63:29
133-->src/main/AndroidManifest.xml:53:28-53
134                <action android:name="android.intent.action.VIEW" />
134-->src/main/AndroidManifest.xml:54:17-69
134-->src/main/AndroidManifest.xml:54:25-66
135
136                <category android:name="android.intent.category.DEFAULT" />
136-->src/main/AndroidManifest.xml:47:17-76
136-->src/main/AndroidManifest.xml:47:27-73
137                <category android:name="android.intent.category.BROWSABLE" />
137-->src/main/AndroidManifest.xml:57:17-78
137-->src/main/AndroidManifest.xml:57:27-75
138
139                <data
139-->src/main/AndroidManifest.xml:59:17-61:52
140                    android:host="inspireui.com"
140-->src/main/AndroidManifest.xml:61:21-49
141                    android:scheme="https" />
141-->src/main/AndroidManifest.xml:60:21-43
142                <data android:scheme="http" />
142-->src/main/AndroidManifest.xml:59:17-61:52
142-->src/main/AndroidManifest.xml:60:21-43
143            </intent-filter>
144            <intent-filter>
144-->src/main/AndroidManifest.xml:65:13-74:29
145                <action android:name="android.intent.action.VIEW" />
145-->src/main/AndroidManifest.xml:54:17-69
145-->src/main/AndroidManifest.xml:54:25-66
146
147                <category android:name="android.intent.category.DEFAULT" />
147-->src/main/AndroidManifest.xml:47:17-76
147-->src/main/AndroidManifest.xml:47:27-73
148                <category android:name="android.intent.category.BROWSABLE" />
148-->src/main/AndroidManifest.xml:57:17-78
148-->src/main/AndroidManifest.xml:57:27-75
149
150                <data
150-->src/main/AndroidManifest.xml:59:17-61:52
151                    android:host="inspireui.com"
151-->src/main/AndroidManifest.xml:61:21-49
152                    android:scheme="fluxstore" />
152-->src/main/AndroidManifest.xml:60:21-43
153            </intent-filter>
154        </activity>
155
156        <meta-data
156-->src/main/AndroidManifest.xml:77:9-79:71
157            android:name="com.google.firebase.messaging.default_notification_channel_id"
157-->src/main/AndroidManifest.xml:78:13-89
158            android:value="@string/default_notification_channel_id" />
158-->src/main/AndroidManifest.xml:79:13-68
159        <meta-data
159-->src/main/AndroidManifest.xml:81:10-83:49
160            android:name="com.google.firebase.messaging.default_notification_icon"
160-->src/main/AndroidManifest.xml:82:13-83
161            android:resource="@drawable/logo" />
161-->src/main/AndroidManifest.xml:83:13-46
162        <!--
163             Set color used with incoming notification messages. This is used when no color is set for the incoming
164            notification message. See README(https://goo.gl/6BKBk7) for more.
165        -->
166        <meta-data
166-->src/main/AndroidManifest.xml:86:9-88:51
167            android:name="com.google.firebase.messaging.default_notification_color"
167-->src/main/AndroidManifest.xml:87:13-84
168            android:resource="@color/notiColor" />
168-->src/main/AndroidManifest.xml:88:13-48
169
170        <!-- Google map and Admod setup -->
171        <meta-data
171-->src/main/AndroidManifest.xml:91:9-93:46
172            android:name="com.google.android.geo.API_KEY"
172-->src/main/AndroidManifest.xml:92:13-58
173            android:value="@string/api_key" />
173-->src/main/AndroidManifest.xml:93:13-44
174        <meta-data
174-->src/main/AndroidManifest.xml:94:9-96:48
175            android:name="com.google.android.gms.ads.APPLICATION_ID"
175-->src/main/AndroidManifest.xml:95:13-69
176            android:value="@string/admob_api" />
176-->src/main/AndroidManifest.xml:96:13-46
177
178        <!-- Facebook Login configuration -->
179        <meta-data
179-->src/main/AndroidManifest.xml:99:9-100:54
180            android:name="com.facebook.sdk.ApplicationId"
180-->src/main/AndroidManifest.xml:99:20-65
181            android:value="@string/facebook_app_id" />
181-->src/main/AndroidManifest.xml:100:13-52
182
183        <activity
183-->src/main/AndroidManifest.xml:102:9-107:11
184            android:name="com.facebook.FacebookActivity"
184-->src/main/AndroidManifest.xml:102:19-63
185            android:configChanges="keyboard|keyboardHidden|screenLayout|screenSize|orientation"
185-->src/main/AndroidManifest.xml:103:13-113
186            android:exported="true"
186-->src/main/AndroidManifest.xml:106:13-36
187            android:label="@string/app_name"
187-->src/main/AndroidManifest.xml:105:13-45
188            android:theme="@style/com_facebook_activity_theme" />
188-->[com.facebook.android:facebook-common:9.1.0] AndroidManifest.xml:33:13-63
189        <activity
189-->src/main/AndroidManifest.xml:108:9-117:20
190            android:name="com.facebook.CustomTabActivity"
190-->src/main/AndroidManifest.xml:109:13-58
191            android:exported="true" >
191-->src/main/AndroidManifest.xml:110:13-36
192            <intent-filter>
192-->src/main/AndroidManifest.xml:111:13-116:29
193                <action android:name="android.intent.action.VIEW" />
193-->src/main/AndroidManifest.xml:54:17-69
193-->src/main/AndroidManifest.xml:54:25-66
194
195                <category android:name="android.intent.category.DEFAULT" />
195-->src/main/AndroidManifest.xml:47:17-76
195-->src/main/AndroidManifest.xml:47:27-73
196                <category android:name="android.intent.category.BROWSABLE" />
196-->src/main/AndroidManifest.xml:57:17-78
196-->src/main/AndroidManifest.xml:57:27-75
197
198                <data android:scheme="@string/fb_login_protocol_scheme" />
198-->src/main/AndroidManifest.xml:59:17-61:52
198-->src/main/AndroidManifest.xml:60:21-43
199            </intent-filter>
200            <intent-filter>
200-->[com.facebook.android:facebook-common:9.1.0] AndroidManifest.xml:39:13-48:29
201                <action android:name="android.intent.action.VIEW" />
201-->src/main/AndroidManifest.xml:54:17-69
201-->src/main/AndroidManifest.xml:54:25-66
202
203                <category android:name="android.intent.category.DEFAULT" />
203-->src/main/AndroidManifest.xml:47:17-76
203-->src/main/AndroidManifest.xml:47:27-73
204                <category android:name="android.intent.category.BROWSABLE" />
204-->src/main/AndroidManifest.xml:57:17-78
204-->src/main/AndroidManifest.xml:57:27-75
205
206                <data
206-->src/main/AndroidManifest.xml:59:17-61:52
207                    android:host="cct.com.biton.spider3dflux"
207-->src/main/AndroidManifest.xml:61:21-49
208                    android:scheme="fbconnect" />
208-->src/main/AndroidManifest.xml:60:21-43
209            </intent-filter>
210        </activity>
211
212        <!--
213             Don't delete the meta-data below.
214             This is used by the Flutter tool to generate GeneratedPluginRegistrant.java
215        -->
216        <meta-data
216-->src/main/AndroidManifest.xml:121:9-123:33
217            android:name="flutterEmbedding"
217-->src/main/AndroidManifest.xml:122:13-44
218            android:value="2" />
218-->src/main/AndroidManifest.xml:123:13-30
219
220        <service
220-->[:firebase_messaging] AndroidManifest.xml:12:9-15:72
221            android:name="io.flutter.plugins.firebase.messaging.FlutterFirebaseMessagingBackgroundService"
221-->[:firebase_messaging] AndroidManifest.xml:13:13-107
222            android:exported="false"
222-->[:firebase_messaging] AndroidManifest.xml:14:13-37
223            android:permission="android.permission.BIND_JOB_SERVICE" />
223-->[:firebase_messaging] AndroidManifest.xml:15:13-69
224        <service
224-->[:firebase_messaging] AndroidManifest.xml:16:9-22:19
225            android:name="io.flutter.plugins.firebase.messaging.FlutterFirebaseMessagingService"
225-->[:firebase_messaging] AndroidManifest.xml:17:13-97
226            android:exported="false" >
226-->[:firebase_messaging] AndroidManifest.xml:18:13-37
227            <intent-filter>
227-->[:firebase_messaging] AndroidManifest.xml:19:13-21:29
228                <action android:name="com.google.firebase.MESSAGING_EVENT" />
228-->[:firebase_messaging] AndroidManifest.xml:20:17-78
228-->[:firebase_messaging] AndroidManifest.xml:20:25-75
229            </intent-filter>
230        </service>
231
232        <receiver
232-->[:firebase_messaging] AndroidManifest.xml:24:9-31:20
233            android:name="io.flutter.plugins.firebase.messaging.FlutterFirebaseMessagingReceiver"
233-->[:firebase_messaging] AndroidManifest.xml:25:13-98
234            android:exported="true"
234-->[:firebase_messaging] AndroidManifest.xml:26:13-36
235            android:permission="com.google.android.c2dm.permission.SEND" >
235-->[:firebase_messaging] AndroidManifest.xml:27:13-73
236            <intent-filter>
236-->[:firebase_messaging] AndroidManifest.xml:28:13-30:29
237                <action android:name="com.google.android.c2dm.intent.RECEIVE" />
237-->[:firebase_messaging] AndroidManifest.xml:29:17-81
237-->[:firebase_messaging] AndroidManifest.xml:29:25-78
238            </intent-filter>
239        </receiver>
240
241        <service
241-->[:firebase_messaging] AndroidManifest.xml:33:9-37:19
242            android:name="com.google.firebase.components.ComponentDiscoveryService"
242-->[:firebase_messaging] AndroidManifest.xml:33:18-89
243            android:directBootAware="true"
243-->[com.google.firebase:firebase-common:20.0.0] AndroidManifest.xml:35:13-43
244            android:exported="false" >
244-->[com.google.firebase:firebase-auth:21.0.1] AndroidManifest.xml:76:13-37
245            <meta-data
245-->[:firebase_messaging] AndroidManifest.xml:34:13-36:85
246                android:name="com.google.firebase.components:io.flutter.plugins.firebase.messaging.FlutterFirebaseAppRegistrar"
246-->[:firebase_messaging] AndroidManifest.xml:35:17-128
247                android:value="com.google.firebase.components.ComponentRegistrar" />
247-->[:firebase_messaging] AndroidManifest.xml:36:17-82
248            <meta-data
248-->[:cloud_firestore] AndroidManifest.xml:9:13-11:85
249                android:name="com.google.firebase.components:io.flutter.plugins.firebase.firestore.FlutterFirebaseFirestoreRegistrar"
249-->[:cloud_firestore] AndroidManifest.xml:10:17-134
250                android:value="com.google.firebase.components.ComponentRegistrar" />
250-->[:cloud_firestore] AndroidManifest.xml:11:17-82
251            <meta-data
251-->[:firebase_dynamic_links] AndroidManifest.xml:11:13-13:85
252                android:name="com.google.firebase.components:io.flutter.plugins.firebasedynamiclinks.FlutterFirebaseAppRegistrar"
252-->[:firebase_dynamic_links] AndroidManifest.xml:12:17-130
253                android:value="com.google.firebase.components.ComponentRegistrar" />
253-->[:firebase_dynamic_links] AndroidManifest.xml:13:17-82
254            <meta-data
254-->[:firebase_analytics] AndroidManifest.xml:13:13-15:85
255                android:name="com.google.firebase.components:io.flutter.plugins.firebaseanalytics.FlutterFirebaseAppRegistrar"
255-->[:firebase_analytics] AndroidManifest.xml:14:17-127
256                android:value="com.google.firebase.components.ComponentRegistrar" />
256-->[:firebase_analytics] AndroidManifest.xml:15:17-82
257            <meta-data
257-->[:firebase_auth] AndroidManifest.xml:9:13-11:85
258                android:name="com.google.firebase.components:io.flutter.plugins.firebase.auth.FlutterFirebaseAuthRegistrar"
258-->[:firebase_auth] AndroidManifest.xml:10:17-124
259                android:value="com.google.firebase.components.ComponentRegistrar" />
259-->[:firebase_auth] AndroidManifest.xml:11:17-82
260            <meta-data
260-->[:firebase_remote_config] AndroidManifest.xml:9:13-11:85
261                android:name="com.google.firebase.components:io.flutter.plugins.firebase.firebaseremoteconfig.FlutterFirebaseAppRegistrar"
261-->[:firebase_remote_config] AndroidManifest.xml:10:17-139
262                android:value="com.google.firebase.components.ComponentRegistrar" />
262-->[:firebase_remote_config] AndroidManifest.xml:11:17-82
263            <meta-data
263-->[:firebase_core] AndroidManifest.xml:9:13-11:85
264                android:name="com.google.firebase.components:io.flutter.plugins.firebase.core.FlutterFirebaseCoreRegistrar"
264-->[:firebase_core] AndroidManifest.xml:10:17-124
265                android:value="com.google.firebase.components.ComponentRegistrar" />
265-->[:firebase_core] AndroidManifest.xml:11:17-82
266            <meta-data
266-->[com.google.firebase:firebase-auth:21.0.1] AndroidManifest.xml:77:13-79:85
267                android:name="com.google.firebase.components:com.google.firebase.auth.FirebaseAuthRegistrar"
267-->[com.google.firebase:firebase-auth:21.0.1] AndroidManifest.xml:78:17-109
268                android:value="com.google.firebase.components.ComponentRegistrar" />
268-->[com.google.firebase:firebase-auth:21.0.1] AndroidManifest.xml:79:17-82
269            <meta-data
269-->[com.google.firebase:firebase-firestore:23.0.0] AndroidManifest.xml:20:13-22:85
270                android:name="com.google.firebase.components:com.google.firebase.firestore.FirestoreRegistrar"
270-->[com.google.firebase:firebase-firestore:23.0.0] AndroidManifest.xml:21:17-111
271                android:value="com.google.firebase.components.ComponentRegistrar" />
271-->[com.google.firebase:firebase-firestore:23.0.0] AndroidManifest.xml:22:17-82
272            <meta-data
272-->[com.google.firebase:firebase-dynamic-links:20.0.0] AndroidManifest.xml:11:13-13:85
273                android:name="com.google.firebase.components:com.google.firebase.dynamiclinks.internal.FirebaseDynamicLinkRegistrar"
273-->[com.google.firebase:firebase-dynamic-links:20.0.0] AndroidManifest.xml:12:17-133
274                android:value="com.google.firebase.components.ComponentRegistrar" />
274-->[com.google.firebase:firebase-dynamic-links:20.0.0] AndroidManifest.xml:13:17-82
275            <meta-data
275-->[com.google.firebase:firebase-config:21.0.0] AndroidManifest.xml:32:13-34:85
276                android:name="com.google.firebase.components:com.google.firebase.remoteconfig.RemoteConfigRegistrar"
276-->[com.google.firebase:firebase-config:21.0.0] AndroidManifest.xml:33:17-117
277                android:value="com.google.firebase.components.ComponentRegistrar" />
277-->[com.google.firebase:firebase-config:21.0.0] AndroidManifest.xml:34:17-82
278            <meta-data
278-->[com.google.firebase:firebase-messaging:22.0.0] AndroidManifest.xml:52:13-54:85
279                android:name="com.google.firebase.components:com.google.firebase.messaging.FirebaseMessagingRegistrar"
279-->[com.google.firebase:firebase-messaging:22.0.0] AndroidManifest.xml:53:17-119
280                android:value="com.google.firebase.components.ComponentRegistrar" />
280-->[com.google.firebase:firebase-messaging:22.0.0] AndroidManifest.xml:54:17-82
281            <meta-data
281-->[com.google.android.gms:play-services-measurement-api:19.0.0] AndroidManifest.xml:30:13-32:85
282                android:name="com.google.firebase.components:com.google.firebase.analytics.connector.internal.AnalyticsConnectorRegistrar"
282-->[com.google.android.gms:play-services-measurement-api:19.0.0] AndroidManifest.xml:31:17-139
283                android:value="com.google.firebase.components.ComponentRegistrar" />
283-->[com.google.android.gms:play-services-measurement-api:19.0.0] AndroidManifest.xml:32:17-82
284            <meta-data
284-->[com.google.firebase:firebase-abt:21.0.0] AndroidManifest.xml:13:13-15:85
285                android:name="com.google.firebase.components:com.google.firebase.abt.component.AbtRegistrar"
285-->[com.google.firebase:firebase-abt:21.0.0] AndroidManifest.xml:14:17-109
286                android:value="com.google.firebase.components.ComponentRegistrar" />
286-->[com.google.firebase:firebase-abt:21.0.0] AndroidManifest.xml:15:17-82
287            <meta-data